Using pre-set license
Built from '2020.3/staging' branch; Version is '2020.3.5f1 (8095aa901b9b) revision 8426922'; Using compiler version '192528614'; Build Type 'Release'
OS: 'Windows 10 Pro; OS build 18363.1500; Version 1909; 64bit' Language: 'de' Physical Memory: 8046 MB
BatchMode: 1, IsHumanControllingUs: 0, StartBugReporterOnCrash: 0, Is64bit: 1, IsPro: 0

 COMMAND LINE ARGUMENTS:
D:\Users\eichi\AppData\Local\Programs\2020.3.5f1\Editor\Unity.exe
-adb2
-batchMode
-noUpm
-name
AssetImportWorker0
-projectPath
C:/Repos/AquariumController/AquariumController
-logFile
Logs/AssetImportWorker0.log
-srvPort
51033
Successfully changed project path to: C:/Repos/AquariumController/AquariumController
C:/Repos/AquariumController/AquariumController
Using Asset Import Pipeline V2.
Refreshing native plugins compatible for Editor in 47.45 ms, found 1 plugins.
Preloading 0 native plugins for Editor in 0.00 ms.
Initialize engine version: 2020.3.5f1 (8095aa901b9b)
[Subsystems] Discovering subsystems at path D:/Users/eichi/AppData/Local/Programs/2020.3.5f1/Editor/Data/Resources/UnitySubsystems
[Subsystems] Discovering subsystems at path C:/Repos/AquariumController/AquariumController/Assets
GfxDevice: creating device client; threaded=0
Direct3D:
    Version:  Direct3D 11.0 [level 11.1]
    Renderer: Intel(R) HD Graphics 530 (ID=0x1912)
    Vendor:   
    VRAM:     4023 MB
    Driver:   27.20.100.8782
Initialize mono
Mono path[0] = 'D:/Users/eichi/AppData/Local/Programs/2020.3.5f1/Editor/Data/Managed'
Mono path[1] = 'D:/Users/eichi/AppData/Local/Programs/2020.3.5f1/Editor/Data/MonoBleedingEdge/lib/mono/unityjit'
Mono config path = 'D:/Users/eichi/AppData/Local/Programs/2020.3.5f1/Editor/Data/MonoBleedingEdge/etc'
Using monoOptions --debugger-agent=transport=dt_socket,embedding=1,server=y,suspend=n,address=127.0.0.1:56148
Begin MonoManager ReloadAssembly
Registering precompiled unity dll's ...
Register platform support module: D:/Users/eichi/AppData/Local/Programs/2020.3.5f1/Editor/Data/PlaybackEngines/WindowsStandaloneSupport/UnityEditor.WindowsStandalone.Extensions.dll
Registered in 0.001545 seconds.
Native extension for WindowsStandalone target not found
Refreshing native plugins compatible for Editor in 39.94 ms, found 1 plugins.
Preloading 0 native plugins for Editor in 0.00 ms.
Mono: successfully reloaded assembly
- Completed reload, in  1.299 seconds
Platform modules already initialized, skipping
Registering precompiled user dll's ...
Registered in 0.001115 seconds.
Begin MonoManager ReloadAssembly
Native extension for WindowsStandalone target not found
Refreshing native plugins compatible for Editor in 37.64 ms, found 1 plugins.
Preloading 0 native plugins for Editor in 0.00 ms.
Mono: successfully reloaded assembly
- Completed reload, in  1.014 seconds
Platform modules already initialized, skipping
========================================================================
Worker process is ready to serve import requests
Launched and connected shader compiler UnityShaderCompiler.exe after 0.08 seconds
Refreshing native plugins compatible for Editor in 0.34 ms, found 1 plugins.
Preloading 0 native plugins for Editor in 0.00 ms.
Unloading 1808 Unused Serialized files (Serialized files now loaded: 0)
System memory in use before: 84.8 MB.
System memory in use after: 84.8 MB.

Unloading 24 unused Assets to reduce memory usage. Loaded Objects now: 2250.
Total: 2.635400 ms (FindLiveObjects: 0.322400 ms CreateObjectMapping: 0.178500 ms MarkObjects: 1.949400 ms  DeleteObjects: 0.183800 ms)

========================================================================
Received Import Request.
  path: Assets/Scenes
  artifactKey: Guid(9091d3d3ae04ac6499d68363fa7ff289) Importer(815301076,1909f56bfc062723c751e8b465ee728b)
Start importing Assets/Scenes using Guid(9091d3d3ae04ac6499d68363fa7ff289) Importer(815301076,1909f56bfc062723c751e8b465ee728b)  -> (artifact id: '2f3d88ec584dfe67de145638b4bb3468') in 0.036477 seconds
  Import took 0.040288 seconds .

========================================================================
Received Import Request.
  Time since last request: 4.947002 seconds.
  path: Assets/Scenes/Controller.unity
  artifactKey: Guid(5f688942cdd8e2d44a6122421345f76e) Importer(815301076,1909f56bfc062723c751e8b465ee728b)
Start importing Assets/Scenes/Controller.unity using Guid(5f688942cdd8e2d44a6122421345f76e) Importer(815301076,1909f56bfc062723c751e8b465ee728b)  -> (artifact id: 'e96658792af0ba8218dd3cdb66a10c56') in 0.024075 seconds
  Import took 0.029100 seconds .

========================================================================
Received Import Request.
  Time since last request: 0.001533 seconds.
  path: Assets/Scenes/Controller.unity
  artifactKey: Guid(5f688942cdd8e2d44a6122421345f76e) Importer(815301076,1909f56bfc062723c751e8b465ee728b)
Start importing Assets/Scenes/Controller.unity using Guid(5f688942cdd8e2d44a6122421345f76e) Importer(815301076,1909f56bfc062723c751e8b465ee728b)  -> (artifact id: 'e96658792af0ba8218dd3cdb66a10c56') in 0.006179 seconds
  Import took 0.012821 seconds .

========================================================================
Received Import Request.
  Time since last request: 3.304058 seconds.
  path: Assets/Scenes/SampleScene.unity
  artifactKey: Guid(2cda990e2423bbf4892e6590ba056729) Importer(815301076,1909f56bfc062723c751e8b465ee728b)
Start importing Assets/Scenes/SampleScene.unity using Guid(2cda990e2423bbf4892e6590ba056729) Importer(815301076,1909f56bfc062723c751e8b465ee728b)  -> (artifact id: '5db6c5a27ce610e8eb13047cc6caff06') in 0.013642 seconds
  Import took 0.021702 seconds .

AssetImportWorkerClient::OnTransportError - code=2 error=End of file
